0:100  0:100  MemLog inited, TSC freq: 4008534020
0:100  0:000  CPU was calibrated with RTC
0:100  0:000  
0:100  0:000  Now is 29.01.2020,  11:06:06 (GMT)
0:100  0:000  Starting Clover revision: 5103 (master, commit 3f3b85da0) on American Megatrends EFI
0:100  0:000  Build with: [Args: -D NO_GRUB_DRIVERS_EMBEDDED -t GCC53 | -D NO_GRUB_DRIVERS_EMBEDDED --conf=/Users/sergey/src/CloverHackyColor/Conf -D USE_LOW_EBDA -a X64 -b RELEASE -t GCC53 -n 5 | OS: 10.14.6]
0:100  0:000  SelfDevicePath=PciRoot(0x0)\Pci(0x1B,0x0)\Pci(0x0,0x0)\NVMe(0x1,35-37-20-60-29-A7-79-64)\HD(1,GPT,C5A748B4-C35A-4883-BE43-EB08DEE07CB5,0x28,0x64000) @376CCF98
0:100  0:000  SelfDirPath = \EFI\BOOT
0:101  0:000  SimpleTextEx Status=Success
0:101  0:000  === [ Get Smbios ] ========================================
0:101  0:000  Type 16 Index = 0
0:101  0:000  Total Memory Slots Count = 4
0:101  0:000  Type 17 Index = 0
0:101  0:000  Ignoring insane frequency value 0MHz
0:101  0:000  SmbiosTable.Type17->Speed = 0MHz
0:101  0:000  SmbiosTable.Type17->Size = 0MB
0:101  0:000  SmbiosTable.Type17->Bank/Device = BANK 0 ChannelA-DIMM0
0:101  0:000  SmbiosTable.Type17->Vendor = <null string>
0:101  0:000  SmbiosTable.Type17->SerialNumber = <null string>
0:101  0:000  SmbiosTable.Type17->PartNumber = <null string>
0:101  0:000  Type 17 Index = 1
0:101  0:000  SmbiosTable.Type17->Speed = 3200MHz
0:101  0:000  SmbiosTable.Type17->Size = 16384MB
0:101  0:000  SmbiosTable.Type17->Bank/Device = BANK 1 ChannelA-DIMM1
0:101  0:000  SmbiosTable.Type17->Vendor = 029E
0:101  0:000  SmbiosTable.Type17->SerialNumber = 00000000
0:101  0:000  SmbiosTable.Type17->PartNumber = CMW32GX4M2C3200C16  
0:101  0:000  Type 17 Index = 2
0:101  0:000  Ignoring insane frequency value 0MHz
0:101  0:000  SmbiosTable.Type17->Speed = 0MHz
0:101  0:000  SmbiosTable.Type17->Size = 0MB
0:101  0:000  SmbiosTable.Type17->Bank/Device = BANK 2 ChannelB-DIMM0
0:101  0:000  SmbiosTable.Type17->Vendor = <null string>
0:101  0:000  SmbiosTable.Type17->SerialNumber = <null string>
0:101  0:000  SmbiosTable.Type17->PartNumber = <null string>
0:101  0:000  Type 17 Index = 3
0:101  0:000  SmbiosTable.Type17->Speed = 3200MHz
0:101  0:000  SmbiosTable.Type17->Size = 16384MB
0:101  0:000  SmbiosTable.Type17->Bank/Device = BANK 3 ChannelB-DIMM1
0:101  0:000  SmbiosTable.Type17->Vendor = 029E
0:101  0:000  SmbiosTable.Type17->SerialNumber = 00000000
0:101  0:000  SmbiosTable.Type17->PartNumber = CMW32GX4M2C3200C16  
0:101  0:000  Boot status=0
0:101  0:000  Running on: 'Z390 AORUS PRO WIFI' with board 'Z390 AORUS PRO WIFI-CF'
0:101  0:000  === [ GetCPUProperties ] ==================================
0:101  0:000  CPU Vendor = 756E6547 Model=906ED
0:101  0:000   The CPU supported SSE4.1
0:101  0:000  BrandString = Intel(R) Core(TM) i9-9900KS CPU @ 4.00GHz
0:101  0:000   The CPU supported turbo
0:101  0:000  MSR 0x35               80010
0:101  0:000   TSC/CCC Information Leaf:
0:101  0:000    numerator     : 334
0:101  0:000    denominator   : 2
0:101  0:000   Calibrated ARTFrequency: 24003197
0:101  0:000   Rounded ARTFrequency: 24000000
0:101  0:000  MSR 0xE2 before patch 1E008000
0:101  0:000  MSR 0xE2 is locked, PM patches will be turned on
0:101  0:000  MSR 0xCE              08080838_F1012800
0:101  0:000  corrected FLEX_RATIO = E0000
0:101  0:000  FSBFrequency = 125 MHz, DMI FSBFrequency = 100 MHz, Corrected FSBFrequency = 100 MHz
0:101  0:000  MaxDiv/MinDiv: 40.0/8
0:101  0:000  Turbo: 50/50/50/50
0:101  0:000  Features: 0xBFEBFBFF
0:101  0:000  Threads: 16
0:101  0:000  Cores: 8
0:101  0:000  FSB: 100 MHz
0:101  0:000  CPU: 5000 MHz
0:101  0:000  TSC: 5000 MHz
0:101  0:000  PIS: 100 MHz
0:101  0:000  ExternalClock: 25 MHz
0:101  0:000  === [ GetDevices ] ========================================
0:101  0:000  GOP found at: PciRoot(0x0)/Pci(0x1,0x0)/Pci(0x0,0x0)/Pci(0x0,0x0)/Pci(0x0,0x0)/AcpiAdr(0x80010301)
0:101  0:000  PCI (00|00:00.00) : 8086 3E30 class=060000
0:101  0:000  PCI (00|00:01.00) : 8086 1901 class=060400
0:101  0:000  PCI (00|01:00.00) : 1002 1478 class=060400
0:101  0:000  PCI (00|02:00.00) : 1002 1479 class=060400
0:101  0:000  PCI (00|03:00.00) : 1002 731F class=030000
0:101  0:000   - GOP: Provided by device
0:101  0:000   - GFX: Model=AMD Radeon RX5700 (ATI/AMD)
0:101  0:000  PCI (00|03:00.01) : 1002 AB38 class=040300
0:101  0:000   - HDMI Audio: 
0:101  0:000  PCI (00|00:02.00) : 8086 3E98 class=030000
0:101  0:000   - GFX: Model=Intel UHD Graphics 630 (Intel)
0:101  0:000  PCI (00|00:12.00) : 8086 A379 class=118000
0:101  0:000  PCI (00|00:14.00) : 8086 A36D class=0C0330
0:101  0:000  PCI (00|00:14.02) : 8086 A36F class=050000
0:101  0:000  PCI (00|00:14.03) : 8086 A370 class=028000
0:101  0:000   - WIFI: Vendor=Intel
0:101  0:000  PCI (00|00:16.00) : 8086 A360 class=078000
0:101  0:000  PCI (00|00:17.00) : 8086 A352 class=010601
0:101  0:000  PCI (00|00:1B.00) : 8086 A340 class=060400
0:101  0:000  PCI (00|04:00.00) : 1987 5012 class=010802
0:101  0:000  PCI (00|00:1C.00) : 8086 A338 class=060400
0:101  0:000  PCI (00|00:1C.07) : 8086 A33F class=060400
0:101  0:000  PCI (00|06:00.00) : 14E4 43A0 class=028000
0:101  0:000   - WIFI: Vendor=Broadcom
0:101  0:000  PCI (00|00:1D.00) : 8086 A330 class=060400
0:101  0:000  PCI (00|07:00.00) : 1987 5012 class=010802
0:101  0:000  PCI (00|00:1F.00) : 8086 A305 class=060100
0:101  0:000  PCI (00|00:1F.04) : 8086 A323 class=0C0500
0:101  0:000  PCI (00|00:1F.05) : 8086 A324 class=0C8000
0:101  0:000  === [ GetDefaultSettings ] ================================
0:101  0:000  Clover load options size = 0 bytes
0:102  0:001  CheckOEMPathExists tried EFI\CLOVER\OEM\Z390 AORUS PRO WIFI-CF\UEFI. Dir not exists
0:103  0:000  CheckOEMPathExists tried EFI\CLOVER\OEM\Z390 AORUS PRO WIFI. Dir not exists
0:103  0:000  CheckOEMPathExists tried EFI\CLOVER\OEM\Z390 AORUS PRO WIFI-5000. Dir not exists
0:103  0:000  CheckOEMPathExists tried EFI\CLOVER\OEM\Z390 AORUS PRO WIFI-CF. Dir not exists
0:103  0:000  CheckOEMPathExists tried EFI\CLOVER\OEM\Z390 AORUS PRO WIFI-CF-5000. Dir not exists
0:103  0:000  set OEMPath by default: EFI\CLOVER
0:104  0:001  EFI\CLOVER\config.plist loaded: Success
0:109  0:004  === [ GetListOfThemes ] ===================================
0:109  0:000  - [00]: Catalina
0:110  0:000  - [01]: Minimalism
0:111  0:000  - [02]: random
0:111  0:000  - [02]: embedded
0:112  0:000  - [02]: Neon
0:113  0:000  === [ Found config plists ] ===============================
0:113  0:000  - config.plist
0:113  0:000  - config copy.plist
0:114  0:000  === [ GetEarlyUserSettings ] ==============================
0:114  0:000  timeout set to 1
0:114  0:000  Custom boot CUSTOM_BOOT_DISABLED (0x0)
0:114  0:000  KextsToPatch: 1 requested
0:114  0:000   - [00]: AppleAHCIPort (External icons patch) :: BinPatch :: data len: 8
0:114  0:000  Default theme: Catalina
0:114  0:000  Hiding entries with string Recovery
0:114  0:000  === [ LoadDrivers ] =======================================
0:115  0:001  Loading HFSPlus.efi  status=Success
0:127  0:011   - driver needs connecting
0:127  0:000  Loading OsxAptioFix3Drv.efi  status=Success
0:138  0:010  Loading AppleUiSupport.efi  status=Success
0:150  0:011  Loading AppleGenericInput.efi  status=Success
0:161  0:011  Loading ApfsDriverLoader.efi  status=Success
0:172  0:011   - driver needs connecting
0:172  0:000  2 drivers needs connecting ...
0:172  0:000  PlatformDriverOverrideProtocol not found. Installing ... Success
0:172  0:000  HFS+ driver loaded
0:172  0:000  APFS driver loaded
0:172  0:000  Searching for invalid DiskIo BY_DRIVER connects: not found, all ok
0:339  0:166  === [ InitScreen ] ========================================
0:339  0:000  Console modes reported: 5, available modes:
0:339  0:000   - [01]: 80x25 (current mode)
0:339  0:000   - [02]: 80x50
0:339  0:000   - [03]: 100x31
0:339  0:000   - [04]: 127x33
0:339  0:000   - [05]: 100x60
0:339  0:000  SetMaxResolution: found best mode 0: 2560x1440
0:345  0:005  Video mode change to mode #0: Success
0:345  0:000   - set
0:345  0:000  reinit: self device path=PciRoot(0x0)\Pci(0x1B,0x0)\Pci(0x0,0x0)\NVMe(0x1,35-37-20-60-29-A7-79-64)\HD(1,GPT,C5A748B4-C35A-4883-BE43-EB08DEE07CB5,0x28,0x64000)
0:346  0:000  Using embedded font: Success
0:347  0:000  === [ GetMacAddress ] =====================================
0:347  0:000  === [ ScanSPD ] ===========================================
0:347  0:000  Scanning SMBus [8086:A323], mmio: 0x12016004, ioport: 0xEFA0, hostc: 0x11
0:366  0:019  Slot: 1 Type 26 16384MB 3200MHz Vendor=Corsair PartNo=CMW32GX4M2C3200C16 SerialNo=0000000000000000
0:385  0:018  Slot: 3 Type 26 16384MB 3200MHz Vendor=Corsair PartNo=CMW32GX4M2C3200C16 SerialNo=0000000000000000
0:385  0:000  === [ GetAcpiTablesList ] =================================
0:385  0:000  Get Acpi Tables List from RSDT:
0:385  0:000   - [00]: FACP  A M I len=132
0:385  0:000   - [01]: APIC  A M I len=300
0:385  0:000   - [02]: FPDT  A M I len=68
0:385  0:000   - [03]: FIDT  A M I len=156
0:385  0:000   - [04]: MCFG  A M I len=60
0:385  0:000   - [05]: SSDT  A M I len=516
0:385  0:000   - [06]: SSDT  A M I len=6101
0:385  0:000   - [07]: SSDT  A M I len=30594
0:385  0:000   - [08]: SSDT  A M I len=12743
0:385  0:000   - [09]: SSDT  A M I len=9048
0:385  0:000   - [10]: HPET  A M I len=56
0:385  0:000   - [11]: SSDT  A M I len=3998
0:385  0:000   - [12]: SSDT  A M I len=11547
0:385  0:000   - [13]: UEFI  A M I len=66
0:385  0:000   - [14]: LPIT  A M I len=92
0:385  0:000   - [15]: SSDT  A M I len=10206
0:385  0:000   - [16]: SSDT  A M I len=4094
0:385  0:000   - [17]: DBGP  A M I len=52
0:385  0:000   - [18]: DBG2  A M I len=84
0:385  0:000   - [19]: DMAR  A M I len=168
0:385  0:000   - [20]: VFCT  A M I len=59524
0:385  0:000   - [21]: BGRT  A M I len=56
0:385  0:000   - [22]: TPM2  A M I len=52
0:385  0:000   - [23]: WSMT  A M I len=40
0:385  0:000  Calibrated TSC Frequency = 4008534020 = 4008MHz
0:385  0:000  === [ GetUserSettings ] ===================================
0:385  0:000  Add 1 devices:
0:386  0:000  USB FixOwnership: yes
0:386  0:000  Dropping 2 tables:
0:386  0:000   - [00]: Drop table  signature="DMAR" (52414D44)
0:386  0:000           - set table: 52414D44,                0 to drop: yes
0:386  0:000   - [01]: Drop table  signature="MATS" (5354414D)
0:386  0:000           - set table: 5354414D,                0 to drop: no
0:386  0:000   - final DSDT Fix mask=10000000
0:386  0:000  PatchesDSDT: 5 requested
0:386  0:000   - [00]: (change XHCI to XHC) lenToFind: 4, lenToReplace: 4, Target Bridge: <null string>
0:386  0:000   - [01]: (change XHC1 to XHC) lenToFind: 4, lenToReplace: 4, Target Bridge: <null string>
0:386  0:000   - [02]: (change SAT0 to SATA) lenToFind: 4, lenToReplace: 4, Target Bridge: <null string>
0:386  0:000   - [03]: (change EHC1 to EH01) lenToFind: 4, lenToReplace: 4, Target Bridge: <null string>
0:386  0:000   - [04]: (change EHC2 to EH02) lenToFind: 4, lenToReplace: 4, Target Bridge: <null string>
0:386  0:000  Using ProductName from config: iMac19,1
0:386  0:000  Found same BiosVersion in clover and config
0:386  0:000  BiosVersion: IM191.88Z.F000.B00.1910301745
0:386  0:000  BiosReleaseDate: 10/30/2019
0:386  0:000  Using EfiVersion from clover: 1037.60.50.0.0
0:386  0:000  Using FirmwareFeatures from config: 0xFD8FF576
0:386  0:000  Using FirmwareFeaturesMask from config: 0xFFDFFF7F
0:386  0:000  Board-ID set from config as Mac-AA95B1DDAB278B95
0:386  0:000  BoardType: 0xA
0:386  0:000  ChassisType: 0x9
0:387  0:001  === [ Found DSDT tables ] =================================
0:387  0:000  - DSDT.aml
0:740  0:352  === [ ScanVolumes ] =======================================
0:740  0:000  Found 15 volumes with blockIO
0:740  0:000  - [00]: Volume: PciRoot(0x0)\Pci(0x14,0x0)\USB(0x10,0x0)
0:741  0:000          USB volume
0:741  0:000  - [01]: Volume: PciRoot(0x0)\Pci(0x14,0x0)\USB(0x10,0x0)\HD(1,GPT,99959493-9F15-45FF-8E1B-BE7269D19A89,0x28,0x64000)
0:741  0:000          Result of bootcode detection: bootable unknown (legacy)
0:741  0:000          USB volume
0:747  0:005  - [02]: Volume: PciRoot(0x0)\Pci(0x14,0x0)\USB(0x10,0x0)\HD(2,GPT,0935007D-0254-4AE6-B45B-F1386E4BA73B,0x64028,0x71EBFB0)
0:748  0:000          USB volume
0:748  0:000  - [03]: Volume: PciRoot(0x0)\Pci(0x14,0x0)\USB(0x10,0x0)\HD(3,GPT,859BD193-32E2-4153-B0F9-7209096CE998,0x7250000,0x3F800)
0:748  0:000          Result of bootcode detection: bootable Windows (vista,win)
0:748  0:000          USB volume
0:758  0:009  - [04]: Volume: PciRoot(0x0)\Pci(0x1B,0x0)\Pci(0x0,0x0)\NVMe(0x1,35-37-20-60-29-A7-79-64)
0:758  0:000  - [05]: Volume: PciRoot(0x0)\Pci(0x1B,0x0)\Pci(0x0,0x0)\NVMe(0x1,35-37-20-60-29-A7-79-64)\HD(1,GPT,C5A748B4-C35A-4883-BE43-EB08DEE07CB5,0x28,0x64000)
0:758  0:000          Result of bootcode detection: bootable unknown (legacy)
0:758  0:000          This is SelfVolume !!
0:758  0:000  - [06]: Volume: PciRoot(0x0)\Pci(0x1B,0x0)\Pci(0x0,0x0)\NVMe(0x1,35-37-20-60-29-A7-79-64)\HD(2,GPT,A31CFC7D-1EED-4821-96A6-79001883663B,0x64028,0xE8DA4860)
0:758  0:000          Result of bootcode detection: bootable unknown (legacy)
0:758  0:000  - [07]: Volume: PciRoot(0x0)\Pci(0x1D,0x0)\Pci(0x0,0x0)\NVMe(0x1,30-44-50-E0-28-A7-79-64)
0:759  0:000          Result of bootcode detection: bootable unknown (legacy)
0:759  0:000  - [08]: Volume: PciRoot(0x0)\Pci(0x1D,0x0)\Pci(0x0,0x0)\NVMe(0x1,30-44-50-E0-28-A7-79-64)\HD(1,GPT,1B5113D9-2710-0000-6E45-806E6F6E6963,0x800,0x31800)
0:759  0:000          Result of bootcode detection: bootable Windows (vista,win)
0:759  0:000  - [09]: Volume: PciRoot(0x0)\Pci(0x1D,0x0)\Pci(0x0,0x0)\NVMe(0x1,30-44-50-E0-28-A7-79-64)\HD(2,GPT,1C9326B5-2710-0000-6E45-806E6F6E6963,0x32000,0xE8DD6000)
0:759  0:000          Result of bootcode detection: bootable Windows (vista,win)
0:759  0:000  - [10]: Volume: PciRoot(0x0)\Pci(0x1B,0x0)\Pci(0x0,0x0)\NVMe(0x1,35-37-20-60-29-A7-79-64)\HD(2,GPT,A31CFC7D-1EED-4821-96A6-79001883663B,0x64028,0xE8DA4860)\VenMedia(BE74FCF7-0B7C-49F3-9147-01F4042E6842,CEA63723ADF3EC4D95992F13AECF3EFD)
0:759  0:000  - [11]: Volume: PciRoot(0x0)\Pci(0x1B,0x0)\Pci(0x0,0x0)\NVMe(0x1,35-37-20-60-29-A7-79-64)\HD(2,GPT,A31CFC7D-1EED-4821-96A6-79001883663B,0x64028,0xE8DA4860)\VenMedia(BE74FCF7-0B7C-49F3-9147-01F4042E6842,F589BC5AF4AE394AA113413F20086A7E)
0:759  0:000  - [12]: Volume: PciRoot(0x0)\Pci(0x1B,0x0)\Pci(0x0,0x0)\NVMe(0x1,35-37-20-60-29-A7-79-64)\HD(2,GPT,A31CFC7D-1EED-4821-96A6-79001883663B,0x64028,0xE8DA4860)\VenMedia(BE74FCF7-0B7C-49F3-9147-01F4042E6842,21299097BAA5974998B764BB12AD51FC)
0:759  0:000          hiding this volume
0:759  0:000  - [13]: Volume: PciRoot(0x0)\Pci(0x1B,0x0)\Pci(0x0,0x0)\NVMe(0x1,35-37-20-60-29-A7-79-64)\HD(2,GPT,A31CFC7D-1EED-4821-96A6-79001883663B,0x64028,0xE8DA4860)\VenMedia(BE74FCF7-0B7C-49F3-9147-01F4042E6842,670045DE77F4D54F8BE338AFD089C066)
0:759  0:000  - [14]: Volume: PciRoot(0x0)\Pci(0x1B,0x0)\Pci(0x0,0x0)\NVMe(0x1,35-37-20-60-29-A7-79-64)\HD(2,GPT,A31CFC7D-1EED-4821-96A6-79001883663B,0x64028,0xE8DA4860)\VenMedia(BE74FCF7-0B7C-49F3-9147-01F4042E6842,F5EC2F502FA76E42A767D88357B69D21)
0:759  0:000  No AudioIoProtocols, status=Not Found
0:759  0:000  === [ InitTheme ] =========================================
0:759  0:000  use daylight theme
0:764  0:004  Using theme 'Catalina' (EFI\CLOVER\themes\Catalina)
0:764  0:000  OS main and drive as badge
0:765  0:001    Channels: 1  Sample rate: 44100 Hz  Bits: 16
0:765  0:000  output to channel 0 with volume 70, len=228736
0:765  0:000   sound channels=1 bits=16 freq=44100
0:765  0:000  not found AudioIo to play
0:765  0:000  free sound
0:765  0:000  sound play end with status=Not Found
0:766  0:000  Loading font from ThemeDir: Success
0:766  0:000  theme inited
0:766  0:000  Chosen theme Catalina
0:767  0:000  after NVRAM boot-args=slide=0 dart=0 agdpmod=pikera shikigva=80
0:767  0:000  === [ Dump SMC keys from NVRAM ] ==========================
0:767  0:000  no AppleSMC protocol
0:778  0:010  === [ ScanLoader ] ========================================
0:778  0:000  - [01]: 'EFI'
0:786  0:008          AddLoaderEntry for Volume Name=EFI
0:786  0:000          skipped because entry is hidden
0:786  0:000  - [02]: 'Install macOS Catalina'
0:787  0:000          AddLoaderEntry for Volume Name=Install macOS Catalina
0:864  0:076  - [03]: 'BIOS'
0:864  0:000  - [05]: 'EFI'
0:867  0:003          AddLoaderEntry for Volume Name=EFI
0:867  0:000          skipped because entry is hidden
0:867  0:000  - [08]: 'EFI'
0:869  0:001          AddLoaderEntry for Volume Name=EFI
0:872  0:003          AddLoaderEntry for Volume Name=EFI
0:872  0:000          skipped because entry is hidden
0:872  0:000  - [09]: 'Windows'
0:872  0:000  - [10]: 'Preboot'
0:873  0:000          AddLoaderEntry for Volume Name=Preboot
0:874  0:000      Check if volume Is Hibernated:
0:874  0:000      Check sleep image 'by signature':
0:874  0:000      using default sleep image name = \private\var\vm\sleepimage
0:874  0:000      sleepimage not found -> Not Found
0:874  0:000      hibernated: no - sign
0:875  0:001  - [11]: 'Macintosh HD - Data'
0:875  0:000  - [12]: 'Recovery', hidden
0:875  0:000  - [13]: 'VM'
0:876  0:000  - [14]: 'Macintosh HD'
0:876  0:000  === [ AddCustomTool ] =====================================
0:876  0:000  found tool \EFI\CLOVER\tools\Shell64U.efi
0:876  0:000  Checking EFI partition Volume 1 for Clover
0:880  0:004   Found Clover
0:882  0:001  === [ GetEfiBootDeviceFromNvram ] =========================
0:882  0:000   - found entry 2. 'Boot FileVault Prebooter from Preboot', Volume 'Preboot', DevicePath 'PciRoot(0x0)\Pci(0x1B,0x0)\Pci(0x0,0x0)\NVMe(0x1,35-37-20-60-29-A7-79-64)\HD(2,GPT,A31CFC7D-1EED-4821-96A6-79001883663B,0x64028,0xE8DA4860)\VenMedia(BE74FCF7-0B7C-49F3-9147-01F4042E6842,CEA63723ADF3EC4D95992F13AECF3EFD)\502FECF5-A72F-426E-A767-D88357B69D21\System\Library\CoreServices\boot.efii'
0:882  0:000  DefaultIndex=2 and MainMenu.EntryCount=9
1:153  0:270  GUI ready
2:842  1:689  exit from MainMenu 8
2:843  0:001  ReinitSelfLib after theme change
2:843  0:000  reinit: self device path=PciRoot(0x0)\Pci(0x1B,0x0)\Pci(0x0,0x0)\NVMe(0x1,35-37-20-60-29-A7-79-64)\HD(1,GPT,C5A748B4-C35A-4883-BE43-EB08DEE07CB5,0x28,0x64000)
2:843  0:000  === [ ScanVolumes ] =======================================
2:843  0:000  Found 15 volumes with blockIO
2:843  0:000  - [00]: Volume: PciRoot(0x0)\Pci(0x14,0x0)\USB(0x10,0x0)
2:844  0:000          USB volume
2:844  0:000  - [01]: Volume: PciRoot(0x0)\Pci(0x14,0x0)\USB(0x10,0x0)\HD(1,GPT,99959493-9F15-45FF-8E1B-BE7269D19A89,0x28,0x64000)
2:845  0:000          Result of bootcode detection: bootable unknown (legacy)
2:845  0:000          USB volume
2:845  0:000  - [02]: Volume: PciRoot(0x0)\Pci(0x14,0x0)\USB(0x10,0x0)\HD(2,GPT,0935007D-0254-4AE6-B45B-F1386E4BA73B,0x64028,0x71EBFB0)
2:845  0:000          USB volume
2:845  0:000  - [03]: Volume: PciRoot(0x0)\Pci(0x14,0x0)\USB(0x10,0x0)\HD(3,GPT,859BD193-32E2-4153-B0F9-7209096CE998,0x7250000,0x3F800)
2:846  0:000          Result of bootcode detection: bootable Windows (vista,win)
2:846  0:000          USB volume
2:846  0:000  - [04]: Volume: PciRoot(0x0)\Pci(0x1B,0x0)\Pci(0x0,0x0)\NVMe(0x1,35-37-20-60-29-A7-79-64)
2:846  0:000  - [05]: Volume: PciRoot(0x0)\Pci(0x1B,0x0)\Pci(0x0,0x0)\NVMe(0x1,35-37-20-60-29-A7-79-64)\HD(1,GPT,C5A748B4-C35A-4883-BE43-EB08DEE07CB5,0x28,0x64000)
2:846  0:000          Result of bootcode detection: bootable unknown (legacy)
2:847  0:000          This is SelfVolume !!
2:847  0:000  - [06]: Volume: PciRoot(0x0)\Pci(0x1B,0x0)\Pci(0x0,0x0)\NVMe(0x1,35-37-20-60-29-A7-79-64)\HD(2,GPT,A31CFC7D-1EED-4821-96A6-79001883663B,0x64028,0xE8DA4860)
2:847  0:000          Result of bootcode detection: bootable unknown (legacy)
2:847  0:000  - [07]: Volume: PciRoot(0x0)\Pci(0x1D,0x0)\Pci(0x0,0x0)\NVMe(0x1,30-44-50-E0-28-A7-79-64)
2:847  0:000          Result of bootcode detection: bootable unknown (legacy)
2:847  0:000  - [08]: Volume: PciRoot(0x0)\Pci(0x1D,0x0)\Pci(0x0,0x0)\NVMe(0x1,30-44-50-E0-28-A7-79-64)\HD(1,GPT,1B5113D9-2710-0000-6E45-806E6F6E6963,0x800,0x31800)
2:847  0:000          Result of bootcode detection: bootable Windows (vista,win)
2:847  0:000  - [09]: Volume: PciRoot(0x0)\Pci(0x1D,0x0)\Pci(0x0,0x0)\NVMe(0x1,30-44-50-E0-28-A7-79-64)\HD(2,GPT,1C9326B5-2710-0000-6E45-806E6F6E6963,0x32000,0xE8DD6000)
2:847  0:000          Result of bootcode detection: bootable Windows (vista,win)
2:848  0:000  - [10]: Volume: PciRoot(0x0)\Pci(0x1B,0x0)\Pci(0x0,0x0)\NVMe(0x1,35-37-20-60-29-A7-79-64)\HD(2,GPT,A31CFC7D-1EED-4821-96A6-79001883663B,0x64028,0xE8DA4860)\VenMedia(BE74FCF7-0B7C-49F3-9147-01F4042E6842,CEA63723ADF3EC4D95992F13AECF3EFD)
2:848  0:000  - [11]: Volume: PciRoot(0x0)\Pci(0x1B,0x0)\Pci(0x0,0x0)\NVMe(0x1,35-37-20-60-29-A7-79-64)\HD(2,GPT,A31CFC7D-1EED-4821-96A6-79001883663B,0x64028,0xE8DA4860)\VenMedia(BE74FCF7-0B7C-49F3-9147-01F4042E6842,F589BC5AF4AE394AA113413F20086A7E)
2:848  0:000  - [12]: Volume: PciRoot(0x0)\Pci(0x1B,0x0)\Pci(0x0,0x0)\NVMe(0x1,35-37-20-60-29-A7-79-64)\HD(2,GPT,A31CFC7D-1EED-4821-96A6-79001883663B,0x64028,0xE8DA4860)\VenMedia(BE74FCF7-0B7C-49F3-9147-01F4042E6842,21299097BAA5974998B764BB12AD51FC)
2:848  0:000  - [13]: Volume: PciRoot(0x0)\Pci(0x1B,0x0)\Pci(0x0,0x0)\NVMe(0x1,35-37-20-60-29-A7-79-64)\HD(2,GPT,A31CFC7D-1EED-4821-96A6-79001883663B,0x64028,0xE8DA4860)\VenMedia(BE74FCF7-0B7C-49F3-9147-01F4042E6842,670045DE77F4D54F8BE338AFD089C066)
2:848  0:000  - [14]: Volume: PciRoot(0x0)\Pci(0x1B,0x0)\Pci(0x0,0x0)\NVMe(0x1,35-37-20-60-29-A7-79-64)\HD(2,GPT,A31CFC7D-1EED-4821-96A6-79001883663B,0x64028,0xE8DA4860)\VenMedia(BE74FCF7-0B7C-49F3-9147-01F4042E6842,F5EC2F502FA76E42A767D88357B69D21)
2:848  0:000  No AudioIoProtocols, status=Not Found
2:848  0:000  theme inited
2:848  0:000  Chosen theme Catalina
2:848  0:000  after NVRAM boot-args=slide=0 dart=0 agdpmod=pikera shikigva=80
2:848  0:000  === [ ScanLoader ] ========================================
2:848  0:000  - [01]: 'EFI'
2:848  0:000          AddLoaderEntry for Volume Name=EFI
2:849  0:000  - [02]: 'Install macOS Catalina'
2:849  0:000          AddLoaderEntry for Volume Name=Install macOS Catalina
2:851  0:001  - [03]: 'BIOS'
2:851  0:000  - [05]: 'EFI'
2:854  0:002          AddLoaderEntry for Volume Name=EFI
2:854  0:000       skipped because path `PciRoot(0x0)\Pci(0x1B,0x0)\Pci(0x0,0x0)\NVMe(0x1,35-37-20-60-29-A7-79-64)\HD(1,GPT,C5A748B4-C35A-4883-BE43-EB08DEE07CB5,0x28,0x64000)\EFI\BOOT\BOOTX64.efii` is self path!
2:854  0:000  - [08]: 'EFI'
2:855  0:001          AddLoaderEntry for Volume Name=EFI
2:858  0:002          AddLoaderEntry for Volume Name=EFI
2:859  0:001  - [09]: 'Windows'
2:859  0:000  - [10]: 'Preboot'
2:859  0:000          AddLoaderEntry for Volume Name=Preboot
2:859  0:000      Check if volume Is Hibernated:
2:859  0:000      Check sleep image 'by signature':
2:859  0:000      using default sleep image name = \private\var\vm\sleepimage
2:859  0:000      sleepimage not found -> Not Found
2:859  0:000      hibernated: no - sign
2:860  0:001  - [11]: 'Macintosh HD - Data'
2:860  0:000  - [12]: 'Recovery'
2:861  0:000          AddLoaderEntry for Volume Name=Recovery
2:863  0:001  - [13]: 'VM'
2:863  0:000  - [14]: 'Macintosh HD'
2:863  0:000  === [ AddCustomTool ] =====================================
2:863  0:000  found tool \EFI\CLOVER\tools\Shell64U.efi
2:863  0:000  Checking EFI partition Volume 1 for Clover
2:863  0:000   Found Clover
2:863  0:000  === [ GetEfiBootDeviceFromNvram ] =========================
2:863  0:000   - found entry 4. 'Boot FileVault Prebooter from Preboot', Volume 'Preboot', DevicePath 'PciRoot(0x0)\Pci(0x1B,0x0)\Pci(0x0,0x0)\NVMe(0x1,35-37-20-60-29-A7-79-64)\HD(2,GPT,A31CFC7D-1EED-4821-96A6-79001883663B,0x64028,0xE8DA4860)\VenMedia(BE74FCF7-0B7C-49F3-9147-01F4042E6842,CEA63723ADF3EC4D95992F13AECF3EFD)\502FECF5-A72F-426E-A767-D88357B69D21\System\Library\CoreServices\boot.efii'
2:863  0:000  DefaultIndex=4 and MainMenu.EntryCount=12
10:848  7:985  exit from MainMenu 1
10:848  0:000  BootVariable of the entry is empty
10:848  0:000  === [ StartLoader ] =======================================
10:848  0:000  Finally: ExternalClock=26MHz BusSpeed=100214kHz CPUFreq=4009MHz PIS: hw.busfrequency=104000000Hz
10:848  0:000  Loading boot.efi  status=Success
10:873  0:024  GetOSVersion: 10.15.3 (19D76)
10:873  0:000  Filtering KextPatches:
10:873  0:000   - [00]: AppleAHCIPort (External icons patch) :: BinPatch :: [OS: 10.15.3 | MatchOS: All | MatchBuild: All] ==> allowed
10:873  0:000  Will not patch boot.efi
10:873  0:000  === [ PatchSmbios ] =======================================
10:873  0:000  insert table 9 for dev 0:0
10:873  0:000  insert table 9 for dev 0:1
10:873  0:000  insert table 9 for dev 0:0
10:873  0:000  Table 11 present, but rewritten for us
10:874  0:000  Trusting SMBIOS...
10:874  0:000  Channels: 2
10:874  0:000  Interleave: 0 2 1 3 4 6 5 7 8 10 9 11 12 14 13 15 16 18 17 19 20 22 21 23
10:874  0:000  SMBIOS Type 17 Index = 0 => 0 0:
10:874  0:000  BANK 0 DIMM0 EMPTY
10:874  0:000  SMBIOS Type 17 Index = 1 => 2 2:
10:874  0:000  BANK 1 DIMM0 EMPTY
10:874  0:000   partNum=CMW32GX4M2C3200C16  
10:874  0:000  SMBIOS Type 17 Index = 2 => 1 1:
10:874  0:000  BANK 0 DIMM1 3200MHz 16384MB(Ext:0MB)
10:874  0:000   partNum=CMW32GX4M2C3200C16  
10:874  0:000  SMBIOS Type 17 Index = 3 => 3 3:
10:874  0:000  BANK 1 DIMM1 3200MHz 16384MB(Ext:0MB)
10:874  0:000  mTotalSystemMemory = 32768
10:874  0:000  NumberOfMemoryDevices = 4
10:874  0:000  Type20[0]->End = 0xFFFFFF, Type17[2] = 0x4000
10:874  0:000  Type20[1]->End = 0x1FFFFFF, Type17[3] = 0xC000
10:874  0:000  Table 131 is present, CPUType=35
10:874  0:000  Change to: 1009
10:874  0:000  === [ PatchACPI ] =========================================
10:874  0:000  Xsdt reallocation done
10:874  0:000  old FADT length=114
10:874  0:000   SignatureFixup: 0x468098FF -> 0x0
10:874  0:000  Found OperationRegion(GNVS, SystemMemory, 3B496000, ...)
10:874  0:000  Found OperationRegion(PNVA, SystemMemory, 3B5B9B98, ...)
10:874  0:000  Found OperationRegion(THBA, SystemMemory, FE200000, ...)
10:875  0:000  Found OperationRegion(BNVS, SystemMemory, 3B502000, ...)
10:875  0:000  Found OperationRegion(ABNV, SystemMemory, FFFF0000, ...)
10:875  0:000  Found OperationRegion(TMMB, SystemMemory, FED40000, ...)
10:875  0:000  Found OperationRegion(CRBD, SystemMemory, FED40000, ...)
10:875  0:000  Found OperationRegion(TPMR, SystemMemory, FFFFFFFF, ...)
10:875  0:000  Found OperationRegion(ATNV, SystemMemory, 3B5B9918, ...)
10:876  0:000  DSDT found in Clover volume OEM folder: EFI\CLOVER\ACPI\patched\DSDT.aml
10:876  0:000  Apply DsdtFixMask=0x10000000
10:876  0:000     drop _DSM mask=0xFFFF
10:876  0:000  === [ FixBiosDsdt ] =======================================
10:877  0:000  Patching DSDT:
10:877  0:000   - [change XHCI to XHC]: pattern 58484349, patched at: [ (EB04) ]
10:877  0:000   - [change XHC1 to XHC]: pattern 58484331, bin not found / already patched!
10:877  0:000   - [change SAT0 to SATA]: pattern 53415430, patched at: [ (97F) (12) (1CA) (16) (16) (16) (16) (16) (16) (16) (16) (16) (16) (16) (F274) (22B3) (27) (28) (28) (28) (28) (28) (29) (29) (29) (29) (29) (31) (27) (28) (28) (28) (28) (28) (29) (29) (29) (29) (29) (180BC) (1A00) (21) (10B) (4D1) (1CC) (29) (2E) (2E) (2E) ]
10:878  0:000   - [change EHC1 to EH01]: pattern 45484331, bin not found / already patched!
10:878  0:000   - [change EHC2 to EH02]: pattern 45484332, bin not found / already patched!
10:878  0:000    0 replacements
10:879  0:000  OperationRegion (GNVS...) corrected from 0x3B493000 to addr=0x3B496000
10:879  0:000    indirect name=PNVB
10:879  0:000  OperationRegion (PNVA...) corrected from 0x3B5B6B98 to addr=0x3B5B9B98
10:879  0:000  OperationRegion (THBA...) corrected from 0x0 to addr=0xFE200000
10:879  0:000  OperationRegion (BNVS...) corrected from 0x3B4FF000 to addr=0x3B502000
10:879  0:000    indirect name=TPMM
10:879  0:000    indirect name=FTPM
10:879  0:000    indirect name=PPIM
10:879  0:000  OperationRegion (ATNV...) corrected from 0x3B5B6918 to addr=0x3B5B9918
10:880  0:000  PreCleanup XSDT: count=24, length=228
10:880  0:000  PreCleanup XSDT, corrected XSDT: count=24, length=228
10:880  0:000  === [ ACPIPatchedAML ] ====================================
10:880  0:000  AutoMerge pass 1
10:880  0:000  Unsorted
10:880  0:000  Inserting SSDT-PMC.aml from EFI\CLOVER\ACPI\patched: ignore on pass 1
10:880  0:000  Inserting SSDT-EC.aml from EFI\CLOVER\ACPI\patched: ignore on pass 1
10:880  0:000  Inserting SSDT-USBX.aml from EFI\CLOVER\ACPI\patched: ignore on pass 1
10:880  0:000  === [ ACPIDropTables ] ====================================
10:880  0:000  Drop tables from XSDT, SIGN=DMAR TableID=A M I Length=168
10:880  0:000   Table[19]: DMAR  A M I  168 dropped
10:880  0:000  Patching SSDT A M I Length=516
10:880  0:000  0. [change XHCI to XHC]: pattern 58484349, bin not found / already patched!
10:880  0:000  1. [change XHC1 to XHC]: pattern 58484331, bin not found / already patched!
10:880  0:000  2. [change SAT0 to SATA]: pattern 53415430, patched at: [ (20) (E) (12) (12) (12) (12) (12) (AB) ]
10:880  0:000  3. [change EHC1 to EH01]: pattern 45484331, bin not found / already patched!
10:880  0:000  4. [change EHC2 to EH02]: pattern 45484332, bin not found / already patched!
10:880  0:000    0 replacements
10:880  0:000  Patching SSDT A M I Length=6101
10:880  0:000  0. [change XHCI to XHC]: pattern 58484349, bin not found / already patched!
10:880  0:000  1. [change XHC1 to XHC]: pattern 58484331, bin not found / already patched!
10:880  0:000  2. [change SAT0 to SATA]: pattern 53415430, bin not found / already patched!
10:880  0:000  3. [change EHC1 to EH01]: pattern 45484331, bin not found / already patched!
10:880  0:000  4. [change EHC2 to EH02]: pattern 45484332, bin not found / already patched!
10:880  0:000    0 replacements
10:880  0:000  Found OperationRegion(PNVS, SystemMemory, 34CE6000, ...)
10:880  0:000  Patching SSDT A M I Length=30594
10:880  0:000  0. [change XHCI to XHC]: pattern 58484349, bin not found / already patched!
10:880  0:000  1. [change XHC1 to XHC]: pattern 58484331, bin not found / already patched!
10:880  0:000  2. [change SAT0 to SATA]: pattern 53415430, bin not found / already patched!
10:880  0:000  3. [change EHC1 to EH01]: pattern 45484331, bin not found / already patched!
10:880  0:000  4. [change EHC2 to EH02]: pattern 45484332, bin not found / already patched!
10:880  0:000    0 replacements
10:880  0:000  Found OperationRegion(ERER, SystemMemory, FD882740, ...)
10:880  0:000  Found OperationRegion(GGGT, SystemMemory, 3B5B9118, ...)
10:880  0:000  Patching SSDT A M I Length=12743
10:880  0:000  0. [change XHCI to XHC]: pattern 58484349, bin not found / already patched!
10:880  0:000  1. [change XHC1 to XHC]: pattern 58484331, bin not found / already patched!
10:880  0:000  2. [change SAT0 to SATA]: pattern 53415430, bin not found / already patched!
10:880  0:000  3. [change EHC1 to EH01]: pattern 45484331, bin not found / already patched!
10:880  0:000  4. [change EHC2 to EH02]: pattern 45484332, bin not found / already patched!
10:880  0:000    0 replacements
10:880  0:000  Found OperationRegion(SANV, SystemMemory, 3B49AD18, ...)
10:880  0:000  Patching SSDT A M I Length=9048
10:880  0:000  0. [change XHCI to XHC]: pattern 58484349, bin not found / already patched!
10:880  0:000  1. [change XHC1 to XHC]: pattern 58484331, bin not found / already patched!
10:880  0:000  2. [change SAT0 to SATA]: pattern 53415430, bin not found / already patched!
10:880  0:000  3. [change EHC1 to EH01]: pattern 45484331, bin not found / already patched!
10:880  0:000  4. [change EHC2 to EH02]: pattern 45484332, bin not found / already patched!
10:880  0:000    0 replacements
10:880  0:000  Patching SSDT A M I Length=3998
10:880  0:000  0. [change XHCI to XHC]: pattern 58484349, bin not found / already patched!
10:880  0:000  1. [change XHC1 to XHC]: pattern 58484331, bin not found / already patched!
10:880  0:000  2. [change SAT0 to SATA]: pattern 53415430, bin not found / already patched!
10:880  0:000  3. [change EHC1 to EH01]: pattern 45484331, bin not found / already patched!
10:880  0:000  4. [change EHC2 to EH02]: pattern 45484332, bin not found / already patched!
10:880  0:000    0 replacements
10:880  0:000  Patching SSDT A M I Length=11547
10:880  0:000  0. [change XHCI to XHC]: pattern 58484349, bin not found / already patched!
10:880  0:000  1. [change XHC1 to XHC]: pattern 58484331, bin not found / already patched!
10:880  0:000  2. [change SAT0 to SATA]: pattern 53415430, bin not found / already patched!
10:880  0:000  3. [change EHC1 to EH01]: pattern 45484331, bin not found / already patched!
10:880  0:000  4. [change EHC2 to EH02]: pattern 45484332, bin not found / already patched!
10:880  0:000    0 replacements
10:880  0:000  Patching SSDT A M I Length=10206
10:880  0:000  0. [change XHCI to XHC]: pattern 58484349, bin not found / already patched!
10:880  0:000  1. [change XHC1 to XHC]: pattern 58484331, bin not found / already patched!
10:880  0:000  2. [change SAT0 to SATA]: pattern 53415430, bin not found / already patched!
10:880  0:000  3. [change EHC1 to EH01]: pattern 45484331, bin not found / already patched!
10:880  0:000  4. [change EHC2 to EH02]: pattern 45484332, bin not found / already patched!
10:880  0:000    0 replacements
10:880  0:000  Patching SSDT A M I Length=4094
10:880  0:000  0. [change XHCI to XHC]: pattern 58484349, bin not found / already patched!
10:880  0:000  1. [change XHC1 to XHC]: pattern 58484331, bin not found / already patched!
10:880  0:000  2. [change SAT0 to SATA]: pattern 53415430, bin not found / already patched!
10:880  0:000  3. [change EHC1 to EH01]: pattern 45484331, bin not found / already patched!
10:880  0:000  4. [change EHC2 to EH02]: pattern 45484332, bin not found / already patched!
10:880  0:000    0 replacements
10:880  0:000  === [ ACPIPatchedAML ] ====================================
10:880  0:000  AutoMerge pass 2
10:880  0:000  Unsorted
10:880  0:000  Inserting SSDT-PMC.aml from EFI\CLOVER\ACPI\patched: size=143 ... Success
10:881  0:000  Inserting SSDT-EC.aml from EFI\CLOVER\ACPI\patched: size=125 ... Success
10:881  0:000  Inserting SSDT-USBX.aml from EFI\CLOVER\ACPI\patched: size=185 ... Success
10:882  0:000  ApicCPUNum=1
10:882  0:000  Cleanup XSDT: count=27, length=252
10:882  0:000  corrected XSDT count=26, length=244
10:882  0:000  === [ RestSetup macOS ] ===================================
10:882  0:000  EdidDiscovered size=128
10:882  0:000  --- Discovered EDID Table size:128
10:882  0:000  000  |  00  FF  FF  FF  FF  FF  FF  00  10  AC
10:882  0:000  010  |  D1  A0  55  47  39  30  28  1B  01  04
10:882  0:000  020  |  A5  3C  22  78  06  EE  91  A3  54  4C
10:882  0:000  030  |  99  26  0F  50  54  21  08  00  01  01
10:882  0:000  040  |  01  01  01  01  01  01  01  01  01  01
10:882  0:000  050  |  01  01  01  01  56  5E  00  A0  A0  A0
10:882  0:000  060  |  29  50  30  20  35  00  56  50  21  00
10:882  0:000  070  |  00  1A  00  00  00  FF  00  23  41  53
10:882  0:000  080  |  4E  4D  6A  58  52  4E  33  69  4C  64
10:882  0:000  090  |  00  00  00  FD  00  1E  90  22  DE  3B
10:882  0:000  100  |  01  0A  20  20  20  20  20  20  00  00
10:882  0:000  110  |  00  FC  00  44  65  6C  6C  20  53  32
10:882  0:000  120  |  37  31  36  44  47  0A  01  25
10:882  0:000  add device: PciRoot(0x0)/Pci(0x2,0x0)
10:882  0:000     Add key=AAPL,ig-platform-id valuelen=4
10:882  0:000  ATI injection not set
10:882  0:000  Intel GFX injection not set
10:882  0:000   RCBA disabled; cannot use it
10:882  0:000  stringlength = 764
10:882  0:000  CurrentMode: Width=2560 Height=1440
10:882  0:000  Beginning FSInjection
10:882  0:000   - ERROR: gFSInjectProtocolGuid not found!
10:886  0:004  Use origin smbios table type 1 guid.
10:890  0:003  Preparing kexts injection for arch=x86_64 from EFI\CLOVER\kexts\Other
10:890  0:000  ->Extra kext: EFI\CLOVER\kexts\Other\USBMap.kext (v.1.0)
10:892  0:001  ->Extra kext: EFI\CLOVER\kexts\Other\WhateverGreen.kext (v.1.3.6)
10:898  0:005  ->Extra kext: EFI\CLOVER\kexts\Other\VirtualSMC.kext (v.1.1.0)
10:903  0:005  ->Extra kext: EFI\CLOVER\kexts\Other\SMCSuperIO.kext (v.1.1.0)
10:908  0:004  ->Extra kext: EFI\CLOVER\kexts\Other\SMCProcessor.kext (v.1.1.0)
10:912  0:004  ->Extra kext: EFI\CLOVER\kexts\Other\SMCLightSensor.kext (v.1)
10:916  0:004  Skipping kext injection by OSBundleRequired : EFI\CLOVER\kexts\Other\SMCLightSensor.kext
10:916  0:000  ->Extra kext: EFI\CLOVER\kexts\Other\Lilu.kext (v.1.4.1)
10:921  0:004  ->Extra kext: EFI\CLOVER\kexts\Other\IntelMausiEthernet.kext (v.2.5.0)
10:925  0:003  ->Extra kext: EFI\CLOVER\kexts\Other\BrcmPatchRAM3.kext (v.2.5.1)
10:967  0:041  Skipping kext injection by OSBundleRequired : EFI\CLOVER\kexts\Other\BrcmPatchRAM3.kext
10:967  0:000  ->Extra kext: EFI\CLOVER\kexts\Other\BrcmFirmwareRepo.kext (v.2.5.1)
10:970  0:003  Skipping kext injection by OSBundleRequired : EFI\CLOVER\kexts\Other\BrcmFirmwareRepo.kext
10:970  0:000  ->Extra kext: EFI\CLOVER\kexts\Other\BrcmFirmwareData.kext (v.2.5.1)
10:973  0:003  Skipping kext injection by OSBundleRequired : EFI\CLOVER\kexts\Other\BrcmFirmwareData.kext
10:973  0:000  ->Extra kext: EFI\CLOVER\kexts\Other\BrcmBluetoothInjector.kext (v.2.5.1)
11:007  0:033  ->Extra kext: EFI\CLOVER\kexts\Other\AppleALC.kext (v.1.4.5)
11:320  0:313  ->Extra kext: EFI\CLOVER\kexts\Other\AirportBrcmFixup.kext (v.2.0.5)
11:331  0:010  Preparing kexts injection for arch=x86_64 from EFI\CLOVER\kexts\10
11:331  0:000  Preparing kexts injection for arch=x86_64 from EFI\CLOVER\kexts\10_recovery
11:331  0:000  Preparing kexts injection for arch=x86_64 from EFI\CLOVER\kexts\10.15
11:331  0:000  Preparing kexts injection for arch=x86_64 from EFI\CLOVER\kexts\10.15_recovery
11:331  0:000  Preparing kexts injection for arch=x86_64 from EFI\CLOVER\kexts\10.15.3
11:331  0:000  Preparing kexts injection for arch=x86_64 from EFI\CLOVER\kexts\10.15.3_recovery
11:332  0:001  SetScreenResolution: 2560x1440 - already set
11:332  0:000  Custom boot is disabled
11:333  0:001  Closing log
